Имя-hello_world
аргументы () и {}
время работы 0:00:00
возращен Hello World
=========================
Имя-summator
аргументы (2, 2) и {}
время работы 0:00:00
возращен 4
=========================
Имя-div
аргументы (6, 2) и {}
время работы 0:00:00
возращен 3.0
=========================
Имя-summator
аргументы (4.3,) и {'b': 2.2}
время работы 0:00:00
возращен 6.5
=========================
Имя-summator
аргументы () и {'a': 0, 'b': 0}
время работы 0:00:00
возращен 0
=========================
Имя-hello_world
аргументы () и {}
время работы 0:00:00
возращен Hello World
=========================
Имя-summator
аргументы (2, 2) и {}
время работы 0:00:00
возращен 4
=========================
Имя-div
аргументы (6, 2) и {}
время работы 0:00:00
возращен 3.0
=========================
Имя-summator
аргументы (4.3,) и {'b': 2.2}
время работы 0:00:00
возращен 6.5
=========================
Имя-summator
аргументы () и {'a': 0, 'b': 0}
время работы 0:00:00
возращен 0
=========================
